c:\users\thuwa\geant4\geant4-v11.3.2\program_files\share\geant4\examples\basic\b1_w\build\exampleb1.dir\relwithdebinfo\vc143.pdb
c:\users\thuwa\geant4\geant4-v11.3.2\program_files\share\geant4\examples\basic\b1_w\build\exampleb1.dir\relwithdebinfo\steppingaction.obj
c:\users\thuwa\geant4\geant4-v11.3.2\program_files\share\geant4\examples\basic\b1_w\build\exampleb1.dir\relwithdebinfo\sensitivedetector.obj
c:\users\thuwa\geant4\geant4-v11.3.2\program_files\share\geant4\examples\basic\b1_w\build\exampleb1.dir\relwithdebinfo\runaction.obj
c:\users\thuwa\geant4\geant4-v11.3.2\program_files\share\geant4\examples\basic\b1_w\build\exampleb1.dir\relwithdebinfo\primarygeneratoraction.obj
c:\users\thuwa\geant4\geant4-v11.3.2\program_files\share\geant4\examples\basic\b1_w\build\exampleb1.dir\relwithdebinfo\eventaction.obj
c:\users\thuwa\geant4\geant4-v11.3.2\program_files\share\geant4\examples\basic\b1_w\build\exampleb1.dir\relwithdebinfo\detectorconstruction.obj
c:\users\thuwa\geant4\geant4-v11.3.2\program_files\share\geant4\examples\basic\b1_w\build\exampleb1.dir\relwithdebinfo\actioninitialization.obj
c:\users\thuwa\geant4\geant4-v11.3.2\program_files\share\geant4\examples\basic\b1_w\build\exampleb1.dir\relwithdebinfo\exampleb1.obj
c:\users\thuwa\geant4\geant4-v11.3.2\program_files\share\geant4\examples\basic\b1_w\build\cmakefiles\generate.stamp
c:\users\thuwa\geant4\geant4-v11.3.2\program_files\share\geant4\examples\basic\b1_w\build\relwithdebinfo\exampleb1.exe
c:\users\thuwa\geant4\geant4-v11.3.2\program_files\share\geant4\examples\basic\b1_w\build\relwithdebinfo\exampleb1.pdb
c:\users\thuwa\geant4\geant4-v11.3.2\program_files\share\geant4\examples\basic\b1_w\build\exampleb1.dir\relwithdebinfo\exampleb1.ilk
c:\users\thuwa\geant4\geant4-v11.3.2\program_files\share\geant4\examples\basic\b1_w\build\exampleb1.dir\relwithdebinfo\exampleb1.tlog\cl.command.1.tlog
c:\users\thuwa\geant4\geant4-v11.3.2\program_files\share\geant4\examples\basic\b1_w\build\exampleb1.dir\relwithdebinfo\exampleb1.tlog\cl.items.tlog
c:\users\thuwa\geant4\geant4-v11.3.2\program_files\share\geant4\examples\basic\b1_w\build\exampleb1.dir\relwithdebinfo\exampleb1.tlog\cl.read.1.tlog
c:\users\thuwa\geant4\geant4-v11.3.2\program_files\share\geant4\examples\basic\b1_w\build\exampleb1.dir\relwithdebinfo\exampleb1.tlog\cl.write.1.tlog
c:\users\thuwa\geant4\geant4-v11.3.2\program_files\share\geant4\examples\basic\b1_w\build\exampleb1.dir\relwithdebinfo\exampleb1.tlog\custombuild.command.1.tlog
c:\users\thuwa\geant4\geant4-v11.3.2\program_files\share\geant4\examples\basic\b1_w\build\exampleb1.dir\relwithdebinfo\exampleb1.tlog\custombuild.read.1.tlog
c:\users\thuwa\geant4\geant4-v11.3.2\program_files\share\geant4\examples\basic\b1_w\build\exampleb1.dir\relwithdebinfo\exampleb1.tlog\custombuild.write.1.tlog
c:\users\thuwa\geant4\geant4-v11.3.2\program_files\share\geant4\examples\basic\b1_w\build\exampleb1.dir\relwithdebinfo\exampleb1.tlog\link.command.1.tlog
c:\users\thuwa\geant4\geant4-v11.3.2\program_files\share\geant4\examples\basic\b1_w\build\exampleb1.dir\relwithdebinfo\exampleb1.tlog\link.read.1.tlog
c:\users\thuwa\geant4\geant4-v11.3.2\program_files\share\geant4\examples\basic\b1_w\build\exampleb1.dir\relwithdebinfo\exampleb1.tlog\link.secondary.1.tlog
c:\users\thuwa\geant4\geant4-v11.3.2\program_files\share\geant4\examples\basic\b1_w\build\exampleb1.dir\relwithdebinfo\exampleb1.tlog\link.write.1.tlog
